<?xml version="1.0" encoding="UTF-8"?>
<!-- Generated by org.testng.reporters.JUnitXMLReporter -->
<testsuite ignored="0" hostname="LAPTOP-K7D3D6AT" failures="1" tests="5" name="test1" time="0.147" errors="0" timestamp="2024-07-21T18:39:28 IST">
  <testcase classname="selenium.JavaScriptExecutor" name="testJavaScriptExecutor" time="0.061">
    <skipped/>
  </testcase> <!-- testJavaScriptExecutor -->
  <testcase classname="selenium.JavaScriptExecutor" name="testJavaScriptExecutor" time="0.003">
    <skipped/>
  </testcase> <!-- testJavaScriptExecutor -->
  <testcase classname="selenium.JavaScriptExecutor" name="testJavaScriptExecutor" time="0.003">
    <skipped/>
  </testcase> <!-- testJavaScriptExecutor -->
  <testcase classname="selenium.JavaScriptExecutor" name="testJavaScriptExecutor" time="0.003">
    <skipped/>
  </testcase> <!-- testJavaScriptExecutor -->
  <testcase classname="selenium.JavaScriptExecutor" name="testJavaScriptExecutor" time="0.002">
    <failure type="java.lang.IllegalStateException" message="The driver executable does not exist: D:\taool\chromedriver.exe">
      <![CDATA[java.lang.IllegalStateException: The driver executable does not exist: D:\taool\chromedriver.exe
at com.google.common.base.Preconditions.checkState(Preconditions.java:534)
at org.openqa.selenium.remote.service.DriverService.checkExecutable(DriverService.java:136)
at org.openqa.selenium.remote.service.DriverService.findExecutable(DriverService.java:131)
at org.openqa.selenium.chrome.ChromeDriverService.access$000(ChromeDriverService.java:32)
at org.openqa.selenium.chrome.ChromeDriverService$Builder.findDefaultExecutable(ChromeDriverService.java:137)
at org.openqa.selenium.remote.service.DriverService$Builder.build(DriverService.java:339)
at org.openqa.selenium.chrome.ChromeDriverService.createDefaultService(ChromeDriverService.java:88)
at org.openqa.selenium.chrome.ChromeDriver.<init>(ChromeDriver.java:157)
at selenium.JavaScriptExecutor.testJavaScriptExecutor(JavaScriptExecutor.java:26)
at java.base/java.util.ArrayList.forEach(ArrayList.java:1541)
at java.base/java.util.concurrent.FutureTask.run(FutureTask.java:264)
at java.base/java.util.concurrent.ThreadPoolExecutor.runWorker(ThreadPoolExecutor.java:1128)
at java.base/java.util.concurrent.ThreadPoolExecutor$Worker.run(ThreadPoolExecutor.java:628)
at java.base/java.lang.Thread.run(Thread.java:834)
... Removed 17 stack frames]]>
    </failure>
  </testcase> <!-- testJavaScriptExecutor -->
</testsuite> <!-- test1 -->
